|--- feature_0 <= 0.50
|   |--- feature_2 <= 349.93
|   |   |--- feature_9 <= 6.50
|   |   |   |--- feature_1 <= 0.08
|   |   |   |   |--- class: 0
|   |   |   |--- feature_1 >  0.08
|   |   |   |   |--- feature_17 <= 0.50
|   |   |   |   |   |--- feature_8 <= 50.95
|   |   |   |   |   |   |--- feature_8 <= 1.35
|   |   |   |   |   |   |   |--- feature_4 <= 6.54
|   |   |   |   |   |   |   |   |--- feature_6 <= 1890.02
|   |   |   |   |   |   |   |   |   |--- feature_4 <= 4.25
|   |   |   |   |   |   |   |   |   |   |--- feature_3 <= 8.61
|   |   |   |   |   |   |   |   |   |   |   |--- class: 1
|   |   |   |   |   |   |   |   |   |   |--- feature_3 >  8.61
|   |   |   |   |   |   |   |   |   |   |   |--- truncated branch of depth 3
|   |   |   |   |   |   |   |   |   |--- feature_4 >  4.25
|   |   |   |   |   |   |   |   |   |   |--- class: 1
|   |   |   |   |   |   |   |   |--- feature_6 >  1890.02
|   |   |   |   |   |   |   |   |   |--- class: 1
|   |   |   |   |   |   |   |--- feature_4 >  6.54
|   |   |   |   |   |   |   |   |--- feature_4 <= 22.42
|   |   |   |   |   |   |   |   |   |--- feature_15 <= 0.50
|   |   |   |   |   |   |   |   |   |   |--- class: 0
|   |   |   |   |   |   |   |   |   |--- feature_15 >  0.50
|   |   |   |   |   |   |   |   |   |   |--- class: 1
|   |   |   |   |   |   |   |   |--- feature_4 >  22.42
|   |   |   |   |   |   |   |   |   |--- class: 1
|   |   |   |   |   |   |--- feature_8 >  1.35
|   |   |   |   |   |   |   |--- feature_3 <= 9.81
|   |   |   |   |   |   |   |   |--- feature_2 <= 75.16
|   |   |   |   |   |   |   |   |   |--- feature_7 <= 493.00
|   |   |   |   |   |   |   |   |   |   |--- feature_3 <= 8.95
|   |   |   |   |   |   |   |   |   |   |   |--- class: 0
|   |   |   |   |   |   |   |   |   |   |--- feature_3 >  8.95
|   |   |   |   |   |   |   |   |   |   |   |--- class: 1
|   |   |   |   |   |   |   |   |   |--- feature_7 >  493.00
|   |   |   |   |   |   |   |   |   |   |--- class: 0
|   |   |   |   |   |   |   |   |--- feature_2 >  75.16
|   |   |   |   |   |   |   |   |   |--- feature_8 <= 47.00
|   |   |   |   |   |   |   |   |   |   |--- feature_8 <= 19.65
|   |   |   |   |   |   |   |   |   |   |   |--- truncated branch of depth 4
|   |   |   |   |   |   |   |   |   |   |--- feature_8 >  19.65
|   |   |   |   |   |   |   |   |   |   |   |--- truncated branch of depth 2
|   |   |   |   |   |   |   |   |   |--- feature_8 >  47.00
|   |   |   |   |   |   |   |   |   |   |--- class: 0
|   |   |   |   |   |   |   |--- feature_3 >  9.81
|   |   |   |   |   |   |   |   |--- feature_7 <= 5048.50
|   |   |   |   |   |   |   |   |   |--- feature_1 <= 0.19
|   |   |   |   |   |   |   |   |   |   |--- feature_1 <= 0.14
|   |   |   |   |   |   |   |   |   |   |   |--- truncated branch of depth 7
|   |   |   |   |   |   |   |   |   |   |--- feature_1 >  0.14
|   |   |   |   |   |   |   |   |   |   |   |--- truncated branch of depth 8
|   |   |   |   |   |   |   |   |   |--- feature_1 >  0.19
|   |   |   |   |   |   |   |   |   |   |--- class: 1
|   |   |   |   |   |   |   |   |--- feature_7 >  5048.50
|   |   |   |   |   |   |   |   |   |--- feature_8 <= 35.00
|   |   |   |   |   |   |   |   |   |   |--- feature_8 <= 34.35
|   |   |   |   |   |   |   |   |   |   |   |--- truncated branch of depth 10
|   |   |   |   |   |   |   |   |   |   |--- feature_8 >  34.35
|   |   |   |   |   |   |   |   |   |   |   |--- truncated branch of depth 2
|   |   |   |   |   |   |   |   |   |--- feature_8 >  35.00
|   |   |   |   |   |   |   |   |   |   |--- feature_2 <= 324.65
|   |   |   |   |   |   |   |   |   |   |   |--- truncated branch of depth 4
|   |   |   |   |   |   |   |   |   |   |--- feature_2 >  324.65
|   |   |   |   |   |   |   |   |   |   |   |--- truncated branch of depth 3
|   |   |   |   |   |--- feature_8 >  50.95
|   |   |   |   |   |   |--- feature_6 <= 5342.00
|   |   |   |   |   |   |   |--- feature_6 <= 4814.98
|   |   |   |   |   |   |   |   |--- feature_4 <= 2.29
|   |   |   |   |   |   |   |   |   |--- feature_7 <= 918.00
|   |   |   |   |   |   |   |   |   |   |--- class: 1
|   |   |   |   |   |   |   |   |   |--- feature_7 >  918.00
|   |   |   |   |   |   |   |   |   |   |--- feature_13 <= 0.50
|   |   |   |   |   |   |   |   |   |   |   |--- class: 0
|   |   |   |   |   |   |   |   |   |   |--- feature_13 >  0.50
|   |   |   |   |   |   |   |   |   |   |   |--- truncated branch of depth 2
|   |   |   |   |   |   |   |   |--- feature_4 >  2.29
|   |   |   |   |   |   |   |   |   |--- feature_6 <= 2805.02
|   |   |   |   |   |   |   |   |   |   |--- feature_1 <= 0.19
|   |   |   |   |   |   |   |   |   |   |   |--- truncated branch of depth 13
|   |   |   |   |   |   |   |   |   |   |--- feature_1 >  0.19
|   |   |   |   |   |   |   |   |   |   |   |--- class: 1
|   |   |   |   |   |   |   |   |   |--- feature_6 >  2805.02
|   |   |   |   |   |   |   |   |   |   |--- feature_3 <= 9.85
|   |   |   |   |   |   |   |   |   |   |   |--- class: 1
|   |   |   |   |   |   |   |   |   |   |--- feature_3 >  9.85
|   |   |   |   |   |   |   |   |   |   |   |--- truncated branch of depth 9
|   |   |   |   |   |   |   |--- feature_6 >  4814.98
|   |   |   |   |   |   |   |   |--- feature_9 <= 4.50
|   |   |   |   |   |   |   |   |   |--- class: 0
|   |   |   |   |   |   |   |   |--- feature_9 >  4.50
|   |   |   |   |   |   |   |   |   |--- feature_3 <= 10.87
|   |   |   |   |   |   |   |   |   |   |--- class: 1
|   |   |   |   |   |   |   |   |   |--- feature_3 >  10.87
|   |   |   |   |   |   |   |   |   |   |--- class: 0
|   |   |   |   |   |   |--- feature_6 >  5342.00
|   |   |   |   |   |   |   |--- feature_6 <= 5579.50
|   |   |   |   |   |   |   |   |--- class: 1
|   |   |   |   |   |   |   |--- feature_6 >  5579.50
|   |   |   |   |   |   |   |   |--- feature_8 <= 57.15
|   |   |   |   |   |   |   |   |   |--- feature_5 <= 647.00
|   |   |   |   |   |   |   |   |   |   |--- class: 0
|   |   |   |   |   |   |   |   |   |--- feature_5 >  647.00
|   |   |   |   |   |   |   |   |   |   |--- class: 1
|   |   |   |   |   |   |   |   |--- feature_8 >  57.15
|   |   |   |   |   |   |   |   |   |--- feature_8 <= 80.25
|   |   |   |   |   |   |   |   |   |   |--- feature_2 <= 137.93
|   |   |   |   |   |   |   |   |   |   |   |--- truncated branch of depth 3
|   |   |   |   |   |   |   |   |   |   |--- feature_2 >  137.93
|   |   |   |   |   |   |   |   |   |   |   |--- truncated branch of depth 3
|   |   |   |   |   |   |   |   |   |--- feature_8 >  80.25
|   |   |   |   |   |   |   |   |   |   |--- feature_2 <= 121.11
|   |   |   |   |   |   |   |   |   |   |   |--- class: 0
|   |   |   |   |   |   |   |   |   |   |--- feature_2 >  121.11
|   |   |   |   |   |   |   |   |   |   |   |--- truncated branch of depth 6
|   |   |   |   |--- feature_17 >  0.50
|   |   |   |   |   |--- feature_2 <= 240.71
|   |   |   |   |   |   |--- feature_1 <= 0.13
|   |   |   |   |   |   |   |--- feature_8 <= 79.80
|   |   |   |   |   |   |   |   |--- class: 1
|   |   |   |   |   |   |   |--- feature_8 >  79.80
|   |   |   |   |   |   |   |   |--- class: 0
|   |   |   |   |   |   |--- feature_1 >  0.13
|   |   |   |   |   |   |   |--- class: 0
|   |   |   |   |   |--- feature_2 >  240.71
|   |   |   |   |   |   |--- feature_4 <= 0.77
|   |   |   |   |   |   |   |--- class: 0
|   |   |   |   |   |   |--- feature_4 >  0.77
|   |   |   |   |   |   |   |--- feature_2 <= 329.00
|   |   |   |   |   |   |   |   |--- class: 1
|   |   |   |   |   |   |   |--- feature_2 >  329.00
|   |   |   |   |   |   |   |   |--- class: 0
|   |   |--- feature_9 >  6.50
|   |   |   |--- feature_1 <= 0.16
|   |   |   |   |--- feature_1 <= 0.15
|   |   |   |   |   |--- feature_6 <= 6373.98
|   |   |   |   |   |   |--- feature_6 <= 1125.02
|   |   |   |   |   |   |   |--- feature_8 <= 21.55
|   |   |   |   |   |   |   |   |--- feature_2 <= 289.64
|   |   |   |   |   |   |   |   |   |--- class: 0
|   |   |   |   |   |   |   |   |--- feature_2 >  289.64
|   |   |   |   |   |   |   |   |   |--- class: 1
|   |   |   |   |   |   |   |--- feature_8 >  21.55
|   |   |   |   |   |   |   |   |--- class: 1
|   |   |   |   |   |   |--- feature_6 >  1125.02
|   |   |   |   |   |   |   |--- feature_2 <= 259.77
|   |   |   |   |   |   |   |   |--- feature_2 <= 171.59
|   |   |   |   |   |   |   |   |   |--- feature_7 <= 38.50
|   |   |   |   |   |   |   |   |   |   |--- class: 1
|   |   |   |   |   |   |   |   |   |--- feature_7 >  38.50
|   |   |   |   |   |   |   |   |   |   |--- feature_10 <= 1.50
|   |   |   |   |   |   |   |   |   |   |   |--- truncated branch of depth 4
|   |   |   |   |   |   |   |   |   |   |--- feature_10 >  1.50
|   |   |   |   |   |   |   |   |   |   |   |--- class: 1
|   |   |   |   |   |   |   |   |--- feature_2 >  171.59
|   |   |   |   |   |   |   |   |   |--- feature_5 <= 694.50
|   |   |   |   |   |   |   |   |   |   |--- feature_8 <= 36.85
|   |   |   |   |   |   |   |   |   |   |   |--- truncated branch of depth 3
|   |   |   |   |   |   |   |   |   |   |--- feature_8 >  36.85
|   |   |   |   |   |   |   |   |   |   |   |--- class: 1
|   |   |   |   |   |   |   |   |   |--- feature_5 >  694.50
|   |   |   |   |   |   |   |   |   |   |--- feature_5 <= 709.50
|   |   |   |   |   |   |   |   |   |   |   |--- class: 0
|   |   |   |   |   |   |   |   |   |   |--- feature_5 >  709.50
|   |   |   |   |   |   |   |   |   |   |   |--- truncated branch of depth 2
|   |   |   |   |   |   |   |--- feature_2 >  259.77
|   |   |   |   |   |   |   |   |--- feature_7 <= 29383.50
|   |   |   |   |   |   |   |   |   |--- feature_11 <= 0.50
|   |   |   |   |   |   |   |   |   |   |--- class: 0
|   |   |   |   |   |   |   |   |   |--- feature_11 >  0.50
|   |   |   |   |   |   |   |   |   |   |--- feature_1 <= 0.12
|   |   |   |   |   |   |   |   |   |   |   |--- class: 1
|   |   |   |   |   |   |   |   |   |   |--- feature_1 >  0.12
|   |   |   |   |   |   |   |   |   |   |   |--- class: 0
|   |   |   |   |   |   |   |   |--- feature_7 >  29383.50
|   |   |   |   |   |   |   |   |   |--- class: 1
|   |   |   |   |   |--- feature_6 >  6373.98
|   |   |   |   |   |   |--- feature_5 <= 679.50
|   |   |   |   |   |   |   |--- class: 0
|   |   |   |   |   |   |--- feature_5 >  679.50
|   |   |   |   |   |   |   |--- class: 1
|   |   |   |   |--- feature_1 >  0.15
|   |   |   |   |   |--- class: 1
|   |   |   |--- feature_1 >  0.16
|   |   |   |   |--- feature_14 <= 0.50
|   |   |   |   |   |--- feature_5 <= 659.50
|   |   |   |   |   |   |--- feature_7 <= 14909.50
|   |   |   |   |   |   |   |--- class: 0
|   |   |   |   |   |   |--- feature_7 >  14909.50
|   |   |   |   |   |   |   |--- class: 1
|   |   |   |   |   |--- feature_5 >  659.50
|   |   |   |   |   |   |--- feature_5 <= 669.50
|   |   |   |   |   |   |   |--- feature_9 <= 8.50
|   |   |   |   |   |   |   |   |--- class: 0
|   |   |   |   |   |   |   |--- feature_9 >  8.50
|   |   |   |   |   |   |   |   |--- feature_2 <= 142.90
|   |   |   |   |   |   |   |   |   |--- class: 0
|   |   |   |   |   |   |   |   |--- feature_2 >  142.90
|   |   |   |   |   |   |   |   |   |--- class: 1
|   |   |   |   |   |   |--- feature_5 >  669.50
|   |   |   |   |   |   |   |--- class: 0
|   |   |   |   |--- feature_14 >  0.50
|   |   |   |   |   |--- class: 1
|   |--- feature_2 >  349.93
|   |   |--- feature_3 <= 10.38
|   |   |   |--- feature_9 <= 0.50
|   |   |   |   |--- feature_2 <= 358.89
|   |   |   |   |   |--- class: 1
|   |   |   |   |--- feature_2 >  358.89
|   |   |   |   |   |--- class: 0
|   |   |   |--- feature_9 >  0.50
|   |   |   |   |--- feature_8 <= 88.15
|   |   |   |   |   |--- class: 1
|   |   |   |   |--- feature_8 >  88.15
|   |   |   |   |   |--- class: 0
|   |   |--- feature_3 >  10.38
|   |   |   |--- feature_1 <= 0.17
|   |   |   |   |--- feature_7 <= 387190.50
|   |   |   |   |   |--- feature_6 <= 7634.98
|   |   |   |   |   |   |--- feature_8 <= 97.15
|   |   |   |   |   |   |   |--- feature_4 <= 1.48
|   |   |   |   |   |   |   |   |--- class: 0
|   |   |   |   |   |   |   |--- feature_4 >  1.48
|   |   |   |   |   |   |   |   |--- feature_2 <= 702.33
|   |   |   |   |   |   |   |   |   |--- feature_2 <= 352.56
|   |   |   |   |   |   |   |   |   |   |--- feature_5 <= 697.00
|   |   |   |   |   |   |   |   |   |   |   |--- class: 1
|   |   |   |   |   |   |   |   |   |   |--- feature_5 >  697.00
|   |   |   |   |   |   |   |   |   |   |   |--- class: 0
|   |   |   |   |   |   |   |   |   |--- feature_2 >  352.56
|   |   |   |   |   |   |   |   |   |   |--- feature_3 <= 11.02
|   |   |   |   |   |   |   |   |   |   |   |--- truncated branch of depth 8
|   |   |   |   |   |   |   |   |   |   |--- feature_3 >  11.02
|   |   |   |   |   |   |   |   |   |   |   |--- truncated branch of depth 11
|   |   |   |   |   |   |   |   |--- feature_2 >  702.33
|   |   |   |   |   |   |   |   |   |--- feature_1 <= 0.13
|   |   |   |   |   |   |   |   |   |   |--- feature_5 <= 742.00
|   |   |   |   |   |   |   |   |   |   |   |--- class: 1
|   |   |   |   |   |   |   |   |   |   |--- feature_5 >  742.00
|   |   |   |   |   |   |   |   |   |   |   |--- class: 0
|   |   |   |   |   |   |   |   |   |--- feature_1 >  0.13
|   |   |   |   |   |   |   |   |   |   |--- feature_9 <= 6.50
|   |   |   |   |   |   |   |   |   |   |   |--- truncated branch of depth 6
|   |   |   |   |   |   |   |   |   |   |--- feature_9 >  6.50
|   |   |   |   |   |   |   |   |   |   |   |--- class: 1
|   |   |   |   |   |   |--- feature_8 >  97.15
|   |   |   |   |   |   |   |--- feature_4 <= 19.84
|   |   |   |   |   |   |   |   |--- class: 1
|   |   |   |   |   |   |   |--- feature_4 >  19.84
|   |   |   |   |   |   |   |   |--- class: 0
|   |   |   |   |   |--- feature_6 >  7634.98
|   |   |   |   |   |   |--- feature_4 <= 27.06
|   |   |   |   |   |   |   |--- feature_8 <= 90.20
|   |   |   |   |   |   |   |   |--- feature_3 <= 12.65
|   |   |   |   |   |   |   |   |   |--- class: 0
|   |   |   |   |   |   |   |   |--- feature_3 >  12.65
|   |   |   |   |   |   |   |   |   |--- feature_3 <= 12.81
|   |   |   |   |   |   |   |   |   |   |--- class: 1
|   |   |   |   |   |   |   |   |   |--- feature_3 >  12.81
|   |   |   |   |   |   |   |   |   |   |--- class: 0
|   |   |   |   |   |   |   |--- feature_8 >  90.20
|   |   |   |   |   |   |   |   |--- class: 1
|   |   |   |   |   |   |--- feature_4 >  27.06
|   |   |   |   |   |   |   |--- class: 1
|   |   |   |   |--- feature_7 >  387190.50
|   |   |   |   |   |--- class: 1
|   |   |   |--- feature_1 >  0.17
|   |   |   |   |--- feature_13 <= 0.50
|   |   |   |   |   |--- feature_9 <= 8.50
|   |   |   |   |   |   |--- feature_1 <= 0.19
|   |   |   |   |   |   |   |--- feature_5 <= 644.50
|   |   |   |   |   |   |   |   |--- class: 0
|   |   |   |   |   |   |   |--- feature_5 >  644.50
|   |   |   |   |   |   |   |   |--- feature_3 <= 11.97
|   |   |   |   |   |   |   |   |   |--- class: 1
|   |   |   |   |   |   |   |   |--- feature_3 >  11.97
|   |   |   |   |   |   |   |   |   |--- feature_6 <= 5238.52
|   |   |   |   |   |   |   |   |   |   |--- class: 1
|   |   |   |   |   |   |   |   |   |--- feature_6 >  5238.52
|   |   |   |   |   |   |   |   |   |   |--- class: 0
|   |   |   |   |   |   |--- feature_1 >  0.19
|   |   |   |   |   |   |   |--- feature_1 <= 0.20
|   |   |   |   |   |   |   |   |--- feature_4 <= 5.97
|   |   |   |   |   |   |   |   |   |--- class: 1
|   |   |   |   |   |   |   |   |--- feature_4 >  5.97
|   |   |   |   |   |   |   |   |   |--- class: 0
|   |   |   |   |   |   |   |--- feature_1 >  0.20
|   |   |   |   |   |   |   |   |--- class: 1
|   |   |   |   |   |--- feature_9 >  8.50
|   |   |   |   |   |   |--- feature_5 <= 722.00
|   |   |   |   |   |   |   |--- feature_7 <= 4507.00
|   |   |   |   |   |   |   |   |--- class: 0
|   |   |   |   |   |   |   |--- feature_7 >  4507.00
|   |   |   |   |   |   |   |   |--- class: 1
|   |   |   |   |   |   |--- feature_5 >  722.00
|   |   |   |   |   |   |   |--- class: 0
|   |   |   |   |--- feature_13 >  0.50
|   |   |   |   |   |--- feature_2 <= 360.48
|   |   |   |   |   |   |--- class: 1
|   |   |   |   |   |--- feature_2 >  360.48
|   |   |   |   |   |   |--- feature_6 <= 4860.00
|   |   |   |   |   |   |   |--- class: 0
|   |   |   |   |   |   |--- feature_6 >  4860.00
|   |   |   |   |   |   |   |--- feature_3 <= 11.22
|   |   |   |   |   |   |   |   |--- feature_9 <= 5.00
|   |   |   |   |   |   |   |   |   |--- class: 0
|   |   |   |   |   |   |   |   |--- feature_9 >  5.00
|   |   |   |   |   |   |   |   |   |--- class: 1
|   |   |   |   |   |   |   |--- feature_3 >  11.22
|   |   |   |   |   |   |   |   |--- feature_7 <= 101395.50
|   |   |   |   |   |   |   |   |   |--- class: 0
|   |   |   |   |   |   |   |   |--- feature_7 >  101395.50
|   |   |   |   |   |   |   |   |   |--- class: 1
|--- feature_0 >  0.50
|   |--- feature_1 <= 0.09
|   |   |--- feature_7 <= 109752.00
|   |   |   |--- feature_3 <= 9.26
|   |   |   |   |--- feature_2 <= 122.53
|   |   |   |   |   |--- feature_5 <= 742.00
|   |   |   |   |   |   |--- class: 1
|   |   |   |   |   |--- feature_5 >  742.00
|   |   |   |   |   |   |--- feature_5 <= 779.50
|   |   |   |   |   |   |   |--- class: 0
|   |   |   |   |   |   |--- feature_5 >  779.50
|   |   |   |   |   |   |   |--- class: 1
|   |   |   |   |--- feature_2 >  122.53
|   |   |   |   |   |--- class: 0
|   |   |   |--- feature_3 >  9.26
|   |   |   |   |--- feature_2 <= 562.22
|   |   |   |   |   |--- feature_5 <= 749.50
|   |   |   |   |   |   |--- feature_8 <= 75.70
|   |   |   |   |   |   |   |--- feature_6 <= 1215.04
|   |   |   |   |   |   |   |   |--- class: 1
|   |   |   |   |   |   |   |--- feature_6 >  1215.04
|   |   |   |   |   |   |   |   |--- feature_6 <= 8011.50
|   |   |   |   |   |   |   |   |   |--- feature_4 <= 15.86
|   |   |   |   |   |   |   |   |   |   |--- feature_4 <= 15.63
|   |   |   |   |   |   |   |   |   |   |   |--- truncated branch of depth 13
|   |   |   |   |   |   |   |   |   |   |--- feature_4 >  15.63
|   |   |   |   |   |   |   |   |   |   |   |--- class: 1
|   |   |   |   |   |   |   |   |   |--- feature_4 >  15.86
|   |   |   |   |   |   |   |   |   |   |--- feature_1 <= 0.07
|   |   |   |   |   |   |   |   |   |   |   |--- truncated branch of depth 2
|   |   |   |   |   |   |   |   |   |   |--- feature_1 >  0.07
|   |   |   |   |   |   |   |   |   |   |   |--- truncated branch of depth 4
|   |   |   |   |   |   |   |   |--- feature_6 >  8011.50
|   |   |   |   |   |   |   |   |   |--- feature_6 <= 8085.00
|   |   |   |   |   |   |   |   |   |   |--- class: 1
|   |   |   |   |   |   |   |   |   |--- feature_6 >  8085.00
|   |   |   |   |   |   |   |   |   |   |--- feature_9 <= 3.50
|   |   |   |   |   |   |   |   |   |   |   |--- truncated branch of depth 3
|   |   |   |   |   |   |   |   |   |   |--- feature_9 >  3.50
|   |   |   |   |   |   |   |   |   |   |   |--- class: 1
|   |   |   |   |   |   |--- feature_8 >  75.70
|   |   |   |   |   |   |   |--- feature_3 <= 11.77
|   |   |   |   |   |   |   |   |--- feature_6 <= 3974.52
|   |   |   |   |   |   |   |   |   |--- class: 1
|   |   |   |   |   |   |   |   |--- feature_6 >  3974.52
|   |   |   |   |   |   |   |   |   |--- class: 0
|   |   |   |   |   |   |   |--- feature_3 >  11.77
|   |   |   |   |   |   |   |   |--- class: 1
|   |   |   |   |   |--- feature_5 >  749.50
|   |   |   |   |   |   |--- feature_9 <= 3.50
|   |   |   |   |   |   |   |--- feature_5 <= 819.50
|   |   |   |   |   |   |   |   |--- feature_6 <= 14054.98
|   |   |   |   |   |   |   |   |   |--- feature_7 <= 17550.00
|   |   |   |   |   |   |   |   |   |   |--- feature_3 <= 10.60
|   |   |   |   |   |   |   |   |   |   |   |--- truncated branch of depth 7
|   |   |   |   |   |   |   |   |   |   |--- feature_3 >  10.60
|   |   |   |   |   |   |   |   |   |   |   |--- truncated branch of depth 7
|   |   |   |   |   |   |   |   |   |--- feature_7 >  17550.00
|   |   |   |   |   |   |   |   |   |   |--- feature_7 <= 17590.00
|   |   |   |   |   |   |   |   |   |   |   |--- class: 1
|   |   |   |   |   |   |   |   |   |   |--- feature_7 >  17590.00
|   |   |   |   |   |   |   |   |   |   |   |--- truncated branch of depth 9
|   |   |   |   |   |   |   |   |--- feature_6 >  14054.98
|   |   |   |   |   |   |   |   |   |--- feature_6 <= 14805.00
|   |   |   |   |   |   |   |   |   |   |--- feature_8 <= 29.90
|   |   |   |   |   |   |   |   |   |   |   |--- class: 1
|   |   |   |   |   |   |   |   |   |   |--- feature_8 >  29.90
|   |   |   |   |   |   |   |   |   |   |   |--- class: 0
|   |   |   |   |   |   |   |   |   |--- feature_6 >  14805.00
|   |   |   |   |   |   |   |   |   |   |--- class: 0
|   |   |   |   |   |   |   |--- feature_5 >  819.50
|   |   |   |   |   |   |   |   |--- feature_2 <= 116.64
|   |   |   |   |   |   |   |   |   |--- class: 1
|   |   |   |   |   |   |   |   |--- feature_2 >  116.64
|   |   |   |   |   |   |   |   |   |--- class: 0
|   |   |   |   |   |   |--- feature_9 >  3.50
|   |   |   |   |   |   |   |--- feature_6 <= 5429.52
|   |   |   |   |   |   |   |   |--- feature_3 <= 11.05
|   |   |   |   |   |   |   |   |   |--- class: 1
|   |   |   |   |   |   |   |   |--- feature_3 >  11.05
|   |   |   |   |   |   |   |   |   |--- class: 0
|   |   |   |   |   |   |   |--- feature_6 >  5429.52
|   |   |   |   |   |   |   |   |--- class: 0
|   |   |   |   |--- feature_2 >  562.22
|   |   |   |   |   |--- feature_4 <= 4.94
|   |   |   |   |   |   |--- class: 0
|   |   |   |   |   |--- feature_4 >  4.94
|   |   |   |   |   |   |--- class: 1
|   |   |--- feature_7 >  109752.00
|   |   |   |--- class: 1
|   |--- feature_1 >  0.09
|   |   |--- feature_17 <= 0.50
|   |   |   |--- feature_9 <= 2.50
|   |   |   |   |--- feature_5 <= 704.50
|   |   |   |   |   |--- feature_2 <= 745.62
|   |   |   |   |   |   |--- feature_2 <= 32.72
|   |   |   |   |   |   |   |--- class: 1
|   |   |   |   |   |   |--- feature_2 >  32.72
|   |   |   |   |   |   |   |--- feature_6 <= 3779.98
|   |   |   |   |   |   |   |   |--- feature_3 <= 9.65
|   |   |   |   |   |   |   |   |   |--- feature_4 <= 10.97
|   |   |   |   |   |   |   |   |   |   |--- feature_2 <= 49.25
|   |   |   |   |   |   |   |   |   |   |   |--- class: 1
|   |   |   |   |   |   |   |   |   |   |--- feature_2 >  49.25
|   |   |   |   |   |   |   |   |   |   |   |--- class: 0
|   |   |   |   |   |   |   |   |   |--- feature_4 >  10.97
|   |   |   |   |   |   |   |   |   |   |--- feature_4 <= 15.36
|   |   |   |   |   |   |   |   |   |   |   |--- class: 1
|   |   |   |   |   |   |   |   |   |   |--- feature_4 >  15.36
|   |   |   |   |   |   |   |   |   |   |   |--- truncated branch of depth 2
|   |   |   |   |   |   |   |   |--- feature_3 >  9.65
|   |   |   |   |   |   |   |   |   |--- feature_11 <= 0.50
|   |   |   |   |   |   |   |   |   |   |--- feature_4 <= 18.35
|   |   |   |   |   |   |   |   |   |   |   |--- truncated branch of depth 16
|   |   |   |   |   |   |   |   |   |   |--- feature_4 >  18.35
|   |   |   |   |   |   |   |   |   |   |   |--- truncated branch of depth 12
|   |   |   |   |   |   |   |   |   |--- feature_11 >  0.50
|   |   |   |   |   |   |   |   |   |   |--- feature_2 <= 536.25
|   |   |   |   |   |   |   |   |   |   |   |--- truncated branch of depth 7
|   |   |   |   |   |   |   |   |   |   |--- feature_2 >  536.25
|   |   |   |   |   |   |   |   |   |   |   |--- class: 1
|   |   |   |   |   |   |   |--- feature_6 >  3779.98
|   |   |   |   |   |   |   |   |--- feature_6 <= 4440.52
|   |   |   |   |   |   |   |   |   |--- feature_7 <= 27418.50
|   |   |   |   |   |   |   |   |   |   |--- feature_3 <= 10.92
|   |   |   |   |   |   |   |   |   |   |   |--- truncated branch of depth 13
|   |   |   |   |   |   |   |   |   |   |--- feature_3 >  10.92
|   |   |   |   |   |   |   |   |   |   |   |--- truncated branch of depth 8
|   |   |   |   |   |   |   |   |   |--- feature_7 >  27418.50
|   |   |   |   |   |   |   |   |   |   |--- feature_8 <= 57.25
|   |   |   |   |   |   |   |   |   |   |   |--- class: 0
|   |   |   |   |   |   |   |   |   |   |--- feature_8 >  57.25
|   |   |   |   |   |   |   |   |   |   |   |--- truncated branch of depth 7
|   |   |   |   |   |   |   |   |--- feature_6 >  4440.52
|   |   |   |   |   |   |   |   |   |--- feature_1 <= 0.11
|   |   |   |   |   |   |   |   |   |   |--- feature_9 <= 0.50
|   |   |   |   |   |   |   |   |   |   |   |--- truncated branch of depth 2
|   |   |   |   |   |   |   |   |   |   |--- feature_9 >  0.50
|   |   |   |   |   |   |   |   |   |   |   |--- truncated branch of depth 6
|   |   |   |   |   |   |   |   |   |--- feature_1 >  0.11
|   |   |   |   |   |   |   |   |   |   |--- feature_3 <= 11.16
|   |   |   |   |   |   |   |   |   |   |   |--- truncated branch of depth 16
|   |   |   |   |   |   |   |   |   |   |--- feature_3 >  11.16
|   |   |   |   |   |   |   |   |   |   |   |--- truncated branch of depth 13
|   |   |   |   |   |--- feature_2 >  745.62
|   |   |   |   |   |   |--- feature_5 <= 664.50
|   |   |   |   |   |   |   |--- feature_8 <= 38.45
|   |   |   |   |   |   |   |   |--- class: 0
|   |   |   |   |   |   |   |--- feature_8 >  38.45
|   |   |   |   |   |   |   |   |--- class: 1
|   |   |   |   |   |   |--- feature_5 >  664.50
|   |   |   |   |   |   |   |--- feature_4 <= 7.81
|   |   |   |   |   |   |   |   |--- feature_3 <= 11.87
|   |   |   |   |   |   |   |   |   |--- class: 1
|   |   |   |   |   |   |   |   |--- feature_3 >  11.87
|   |   |   |   |   |   |   |   |   |--- feature_8 <= 48.35
|   |   |   |   |   |   |   |   |   |   |--- class: 1
|   |   |   |   |   |   |   |   |   |--- feature_8 >  48.35
|   |   |   |   |   |   |   |   |   |   |--- class: 0
|   |   |   |   |   |   |   |--- feature_4 >  7.81
|   |   |   |   |   |   |   |   |--- feature_1 <= 0.13
|   |   |   |   |   |   |   |   |   |--- class: 1
|   |   |   |   |   |   |   |   |--- feature_1 >  0.13
|   |   |   |   |   |   |   |   |   |--- feature_3 <= 11.90
|   |   |   |   |   |   |   |   |   |   |--- feature_1 <= 0.14
|   |   |   |   |   |   |   |   |   |   |   |--- class: 1
|   |   |   |   |   |   |   |   |   |   |--- feature_1 >  0.14
|   |   |   |   |   |   |   |   |   |   |   |--- truncated branch of depth 5
|   |   |   |   |   |   |   |   |   |--- feature_3 >  11.90
|   |   |   |   |   |   |   |   |   |   |--- feature_7 <= 24182.50
|   |   |   |   |   |   |   |   |   |   |   |--- class: 1
|   |   |   |   |   |   |   |   |   |   |--- feature_7 >  24182.50
|   |   |   |   |   |   |   |   |   |   |   |--- truncated branch of depth 4
|   |   |   |   |--- feature_5 >  704.50
|   |   |   |   |   |--- feature_8 <= 82.05
|   |   |   |   |   |   |--- feature_2 <= 836.10
|   |   |   |   |   |   |   |--- feature_3 <= 11.43
|   |   |   |   |   |   |   |   |--- feature_1 <= 0.15
|   |   |   |   |   |   |   |   |   |--- feature_3 <= 11.42
|   |   |   |   |   |   |   |   |   |   |--- feature_2 <= 478.46
|   |   |   |   |   |   |   |   |   |   |   |--- truncated branch of depth 17
|   |   |   |   |   |   |   |   |   |   |--- feature_2 >  478.46
|   |   |   |   |   |   |   |   |   |   |   |--- truncated branch of depth 15
|   |   |   |   |   |   |   |   |   |--- feature_3 >  11.42
|   |   |   |   |   |   |   |   |   |   |--- class: 1
|   |   |   |   |   |   |   |   |--- feature_1 >  0.15
|   |   |   |   |   |   |   |   |   |--- feature_5 <= 712.00
|   |   |   |   |   |   |   |   |   |   |--- class: 0
|   |   |   |   |   |   |   |   |   |--- feature_5 >  712.00
|   |   |   |   |   |   |   |   |   |   |--- class: 1
|   |   |   |   |   |   |   |--- feature_3 >  11.43
|   |   |   |   |   |   |   |   |--- feature_4 <= 24.80
|   |   |   |   |   |   |   |   |   |--- feature_8 <= 25.10
|   |   |   |   |   |   |   |   |   |   |--- feature_11 <= 0.50
|   |   |   |   |   |   |   |   |   |   |   |--- class: 0
|   |   |   |   |   |   |   |   |   |   |--- feature_11 >  0.50
|   |   |   |   |   |   |   |   |   |   |   |--- truncated branch of depth 2
|   |   |   |   |   |   |   |   |   |--- feature_8 >  25.10
|   |   |   |   |   |   |   |   |   |   |--- feature_8 <= 25.25
|   |   |   |   |   |   |   |   |   |   |   |--- class: 1
|   |   |   |   |   |   |   |   |   |   |--- feature_8 >  25.25
|   |   |   |   |   |   |   |   |   |   |   |--- truncated branch of depth 8
|   |   |   |   |   |   |   |   |--- feature_4 >  24.80
|   |   |   |   |   |   |   |   |   |--- class: 1
|   |   |   |   |   |   |--- feature_2 >  836.10
|   |   |   |   |   |   |   |--- feature_6 <= 2910.00
|   |   |   |   |   |   |   |   |--- class: 1
|   |   |   |   |   |   |   |--- feature_6 >  2910.00
|   |   |   |   |   |   |   |   |--- feature_7 <= 14617.00
|   |   |   |   |   |   |   |   |   |--- feature_5 <= 714.50
|   |   |   |   |   |   |   |   |   |   |--- class: 0
|   |   |   |   |   |   |   |   |   |--- feature_5 >  714.50
|   |   |   |   |   |   |   |   |   |   |--- feature_8 <= 67.65
|   |   |   |   |   |   |   |   |   |   |   |--- class: 1
|   |   |   |   |   |   |   |   |   |   |--- feature_8 >  67.65
|   |   |   |   |   |   |   |   |   |   |   |--- class: 0
|   |   |   |   |   |   |   |   |--- feature_7 >  14617.00
|   |   |   |   |   |   |   |   |   |--- class: 0
|   |   |   |   |   |--- feature_8 >  82.05
|   |   |   |   |   |   |--- feature_7 <= 17902.00
|   |   |   |   |   |   |   |--- feature_9 <= 0.50
|   |   |   |   |   |   |   |   |--- feature_3 <= 11.30
|   |   |   |   |   |   |   |   |   |--- feature_1 <= 0.11
|   |   |   |   |   |   |   |   |   |   |--- feature_1 <= 0.11
|   |   |   |   |   |   |   |   |   |   |   |--- truncated branch of depth 2
|   |   |   |   |   |   |   |   |   |   |--- feature_1 >  0.11
|   |   |   |   |   |   |   |   |   |   |   |--- class: 1
|   |   |   |   |   |   |   |   |   |--- feature_1 >  0.11
|   |   |   |   |   |   |   |   |   |   |--- feature_7 <= 17653.00
|   |   |   |   |   |   |   |   |   |   |   |--- truncated branch of depth 3
|   |   |   |   |   |   |   |   |   |   |--- feature_7 >  17653.00
|   |   |   |   |   |   |   |   |   |   |   |--- class: 1
|   |   |   |   |   |   |   |   |--- feature_3 >  11.30
|   |   |   |   |   |   |   |   |   |--- feature_4 <= 3.10
|   |   |   |   |   |   |   |   |   |   |--- class: 0
|   |   |   |   |   |   |   |   |   |--- feature_4 >  3.10
|   |   |   |   |   |   |   |   |   |   |--- class: 1
|   |   |   |   |   |   |   |--- feature_9 >  0.50
|   |   |   |   |   |   |   |   |--- feature_6 <= 3134.98
|   |   |   |   |   |   |   |   |   |--- class: 0
|   |   |   |   |   |   |   |   |--- feature_6 >  3134.98
|   |   |   |   |   |   |   |   |   |--- feature_8 <= 93.05
|   |   |   |   |   |   |   |   |   |   |--- feature_2 <= 312.33
|   |   |   |   |   |   |   |   |   |   |   |--- class: 0
|   |   |   |   |   |   |   |   |   |   |--- feature_2 >  312.33
|   |   |   |   |   |   |   |   |   |   |   |--- truncated branch of depth 3
|   |   |   |   |   |   |   |   |   |--- feature_8 >  93.05
|   |   |   |   |   |   |   |   |   |   |--- feature_4 <= 6.57
|   |   |   |   |   |   |   |   |   |   |   |--- truncated branch of depth 2
|   |   |   |   |   |   |   |   |   |   |--- feature_4 >  6.57
|   |   |   |   |   |   |   |   |   |   |   |--- class: 1
|   |   |   |   |   |   |--- feature_7 >  17902.00
|   |   |   |   |   |   |   |--- feature_7 <= 64889.00
|   |   |   |   |   |   |   |   |--- feature_4 <= 23.89
|   |   |   |   |   |   |   |   |   |--- feature_7 <= 33110.00
|   |   |   |   |   |   |   |   |   |   |--- class: 0
|   |   |   |   |   |   |   |   |   |--- feature_7 >  33110.00
|   |   |   |   |   |   |   |   |   |   |--- feature_7 <= 33503.50
|   |   |   |   |   |   |   |   |   |   |   |--- class: 1
|   |   |   |   |   |   |   |   |   |   |--- feature_7 >  33503.50
|   |   |   |   |   |   |   |   |   |   |   |--- truncated branch of depth 3
|   |   |   |   |   |   |   |   |--- feature_4 >  23.89
|   |   |   |   |   |   |   |   |   |--- feature_7 <= 27267.00
|   |   |   |   |   |   |   |   |   |   |--- class: 1
|   |   |   |   |   |   |   |   |   |--- feature_7 >  27267.00
|   |   |   |   |   |   |   |   |   |   |--- class: 0
|   |   |   |   |   |   |   |--- feature_7 >  64889.00
|   |   |   |   |   |   |   |   |--- feature_6 <= 5399.98
|   |   |   |   |   |   |   |   |   |--- class: 0
|   |   |   |   |   |   |   |   |--- feature_6 >  5399.98
|   |   |   |   |   |   |   |   |   |--- feature_7 <= 99515.50
|   |   |   |   |   |   |   |   |   |   |--- class: 1
|   |   |   |   |   |   |   |   |   |--- feature_7 >  99515.50
|   |   |   |   |   |   |   |   |   |   |--- class: 0
|   |   |   |--- feature_9 >  2.50
|   |   |   |   |--- feature_1 <= 0.18
|   |   |   |   |   |--- feature_8 <= 54.60
|   |   |   |   |   |   |--- feature_4 <= 24.48
|   |   |   |   |   |   |   |--- feature_7 <= 9416.00
|   |   |   |   |   |   |   |   |--- feature_7 <= 5737.50
|   |   |   |   |   |   |   |   |   |--- feature_7 <= 2394.50
|   |   |   |   |   |   |   |   |   |   |--- feature_5 <= 774.50
|   |   |   |   |   |   |   |   |   |   |   |--- truncated branch of depth 10
|   |   |   |   |   |   |   |   |   |   |--- feature_5 >  774.50
|   |   |   |   |   |   |   |   |   |   |   |--- truncated branch of depth 3
|   |   |   |   |   |   |   |   |   |--- feature_7 >  2394.50
|   |   |   |   |   |   |   |   |   |   |--- feature_11 <= 0.50
|   |   |   |   |   |   |   |   |   |   |   |--- truncated branch of depth 5
|   |   |   |   |   |   |   |   |   |   |--- feature_11 >  0.50
|   |   |   |   |   |   |   |   |   |   |   |--- truncated branch of depth 2
|   |   |   |   |   |   |   |   |--- feature_7 >  5737.50
|   |   |   |   |   |   |   |   |   |--- feature_8 <= 42.40
|   |   |   |   |   |   |   |   |   |   |--- feature_15 <= 0.50
|   |   |   |   |   |   |   |   |   |   |   |--- truncated branch of depth 6
|   |   |   |   |   |   |   |   |   |   |--- feature_15 >  0.50
|   |   |   |   |   |   |   |   |   |   |   |--- truncated branch of depth 2
|   |   |   |   |   |   |   |   |   |--- feature_8 >  42.40
|   |   |   |   |   |   |   |   |   |   |--- class: 1
|   |   |   |   |   |   |   |--- feature_7 >  9416.00
|   |   |   |   |   |   |   |   |--- feature_8 <= 39.60
|   |   |   |   |   |   |   |   |   |--- feature_3 <= 10.53
|   |   |   |   |   |   |   |   |   |   |--- feature_6 <= 3945.04
|   |   |   |   |   |   |   |   |   |   |   |--- class: 1
|   |   |   |   |   |   |   |   |   |   |--- feature_6 >  3945.04
|   |   |   |   |   |   |   |   |   |   |   |--- class: 0
|   |   |   |   |   |   |   |   |   |--- feature_3 >  10.53
|   |   |   |   |   |   |   |   |   |   |--- feature_14 <= 0.50
|   |   |   |   |   |   |   |   |   |   |   |--- truncated branch of depth 4
|   |   |   |   |   |   |   |   |   |   |--- feature_14 >  0.50
|   |   |   |   |   |   |   |   |   |   |   |--- truncated branch of depth 2
|   |   |   |   |   |   |   |   |--- feature_8 >  39.60
|   |   |   |   |   |   |   |   |   |--- feature_7 <= 42667.50
|   |   |   |   |   |   |   |   |   |   |--- feature_6 <= 5909.98
|   |   |   |   |   |   |   |   |   |   |   |--- truncated branch of depth 4
|   |   |   |   |   |   |   |   |   |   |--- feature_6 >  5909.98
|   |   |   |   |   |   |   |   |   |   |   |--- truncated branch of depth 4
|   |   |   |   |   |   |   |   |   |--- feature_7 >  42667.50
|   |   |   |   |   |   |   |   |   |   |--- class: 1
|   |   |   |   |   |   |--- feature_4 >  24.48
|   |   |   |   |   |   |   |--- class: 1
|   |   |   |   |   |--- feature_8 >  54.60
|   |   |   |   |   |   |--- feature_8 <= 98.15
|   |   |   |   |   |   |   |--- feature_2 <= 868.61
|   |   |   |   |   |   |   |   |--- feature_9 <= 6.00
|   |   |   |   |   |   |   |   |   |--- feature_7 <= 36137.00
|   |   |   |   |   |   |   |   |   |   |--- feature_3 <= 12.21
|   |   |   |   |   |   |   |   |   |   |   |--- truncated branch of depth 13
|   |   |   |   |   |   |   |   |   |   |--- feature_3 >  12.21
|   |   |   |   |   |   |   |   |   |   |   |--- class: 1
|   |   |   |   |   |   |   |   |   |--- feature_7 >  36137.00
|   |   |   |   |   |   |   |   |   |   |--- feature_2 <= 297.16
|   |   |   |   |   |   |   |   |   |   |   |--- truncated branch of depth 3
|   |   |   |   |   |   |   |   |   |   |--- feature_2 >  297.16
|   |   |   |   |   |   |   |   |   |   |   |--- truncated branch of depth 3
|   |   |   |   |   |   |   |   |--- feature_9 >  6.00
|   |   |   |   |   |   |   |   |   |--- class: 1
|   |   |   |   |   |   |   |--- feature_2 >  868.61
|   |   |   |   |   |   |   |   |--- class: 1
|   |   |   |   |   |   |--- feature_8 >  98.15
|   |   |   |   |   |   |   |--- feature_3 <= 11.21
|   |   |   |   |   |   |   |   |--- class: 1
|   |   |   |   |   |   |   |--- feature_3 >  11.21
|   |   |   |   |   |   |   |   |--- class: 0
|   |   |   |   |--- feature_1 >  0.18
|   |   |   |   |   |--- class: 1
|   |   |--- feature_17 >  0.50
|   |   |   |--- feature_6 <= 5219.98
|   |   |   |   |--- feature_10 <= 0.50
|   |   |   |   |   |--- feature_4 <= 0.84
|   |   |   |   |   |   |--- class: 0
|   |   |   |   |   |--- feature_4 >  0.84
|   |   |   |   |   |   |--- feature_2 <= 246.94
|   |   |   |   |   |   |   |--- feature_7 <= 19976.00
|   |   |   |   |   |   |   |   |--- feature_1 <= 0.20
|   |   |   |   |   |   |   |   |   |--- feature_3 <= 9.71
|   |   |   |   |   |   |   |   |   |   |--- feature_8 <= 29.30
|   |   |   |   |   |   |   |   |   |   |   |--- class: 0
|   |   |   |   |   |   |   |   |   |   |--- feature_8 >  29.30
|   |   |   |   |   |   |   |   |   |   |   |--- class: 1
|   |   |   |   |   |   |   |   |   |--- feature_3 >  9.71
|   |   |   |   |   |   |   |   |   |   |--- feature_7 <= 13469.50
|   |   |   |   |   |   |   |   |   |   |   |--- truncated branch of depth 3
|   |   |   |   |   |   |   |   |   |   |--- feature_7 >  13469.50
|   |   |   |   |   |   |   |   |   |   |   |--- truncated branch of depth 2
|   |   |   |   |   |   |   |   |--- feature_1 >  0.20
|   |   |   |   |   |   |   |   |   |--- class: 1
|   |   |   |   |   |   |   |--- feature_7 >  19976.00
|   |   |   |   |   |   |   |   |--- feature_1 <= 0.14
|   |   |   |   |   |   |   |   |   |--- feature_4 <= 20.48
|   |   |   |   |   |   |   |   |   |   |--- class: 0
|   |   |   |   |   |   |   |   |   |--- feature_4 >  20.48
|   |   |   |   |   |   |   |   |   |   |--- class: 1
|   |   |   |   |   |   |   |   |--- feature_1 >  0.14
|   |   |   |   |   |   |   |   |   |--- class: 1
|   |   |   |   |   |   |--- feature_2 >  246.94
|   |   |   |   |   |   |   |--- feature_6 <= 4420.98
|   |   |   |   |   |   |   |   |--- feature_7 <= 30327.00
|   |   |   |   |   |   |   |   |   |--- feature_5 <= 679.50
|   |   |   |   |   |   |   |   |   |   |--- feature_8 <= 85.65
|   |   |   |   |   |   |   |   |   |   |   |--- class: 0
|   |   |   |   |   |   |   |   |   |   |--- feature_8 >  85.65
|   |   |   |   |   |   |   |   |   |   |   |--- truncated branch of depth 2
|   |   |   |   |   |   |   |   |   |--- feature_5 >  679.50
|   |   |   |   |   |   |   |   |   |   |--- feature_4 <= 3.17
|   |   |   |   |   |   |   |   |   |   |   |--- class: 1
|   |   |   |   |   |   |   |   |   |   |--- feature_4 >  3.17
|   |   |   |   |   |   |   |   |   |   |   |--- truncated branch of depth 11
|   |   |   |   |   |   |   |   |--- feature_7 >  30327.00
|   |   |   |   |   |   |   |   |   |--- feature_4 <= 18.74
|   |   |   |   |   |   |   |   |   |   |--- class: 1
|   |   |   |   |   |   |   |   |   |--- feature_4 >  18.74
|   |   |   |   |   |   |   |   |   |   |--- class: 0
|   |   |   |   |   |   |   |--- feature_6 >  4420.98
|   |   |   |   |   |   |   |   |--- feature_5 <= 779.50
|   |   |   |   |   |   |   |   |   |--- feature_6 <= 5204.98
|   |   |   |   |   |   |   |   |   |   |--- class: 0
|   |   |   |   |   |   |   |   |   |--- feature_6 >  5204.98
|   |   |   |   |   |   |   |   |   |   |--- class: 1
|   |   |   |   |   |   |   |   |--- feature_5 >  779.50
|   |   |   |   |   |   |   |   |   |--- class: 1
|   |   |   |   |--- feature_10 >  0.50
|   |   |   |   |   |--- feature_8 <= 34.70
|   |   |   |   |   |   |--- class: 0
|   |   |   |   |   |--- feature_8 >  34.70
|   |   |   |   |   |   |--- feature_3 <= 11.68
|   |   |   |   |   |   |   |--- feature_8 <= 41.95
|   |   |   |   |   |   |   |   |--- feature_5 <= 684.50
|   |   |   |   |   |   |   |   |   |--- class: 0
|   |   |   |   |   |   |   |   |--- feature_5 >  684.50
|   |   |   |   |   |   |   |   |   |--- class: 1
|   |   |   |   |   |   |   |--- feature_8 >  41.95
|   |   |   |   |   |   |   |   |--- class: 1
|   |   |   |   |   |   |--- feature_3 >  11.68
|   |   |   |   |   |   |   |--- class: 0
|   |   |   |--- feature_6 >  5219.98
|   |   |   |   |--- feature_5 <= 664.50
|   |   |   |   |   |--- class: 1
|   |   |   |   |--- feature_5 >  664.50
|   |   |   |   |   |--- feature_4 <= 8.96
|   |   |   |   |   |   |--- feature_1 <= 0.09
|   |   |   |   |   |   |   |--- class: 1
|   |   |   |   |   |   |--- feature_1 >  0.09
|   |   |   |   |   |   |   |--- feature_2 <= 880.70
|   |   |   |   |   |   |   |   |--- class: 0
|   |   |   |   |   |   |   |--- feature_2 >  880.70
|   |   |   |   |   |   |   |   |--- feature_1 <= 0.18
|   |   |   |   |   |   |   |   |   |--- class: 1
|   |   |   |   |   |   |   |   |--- feature_1 >  0.18
|   |   |   |   |   |   |   |   |   |--- class: 0
|   |   |   |   |   |--- feature_4 >  8.96
|   |   |   |   |   |   |--- feature_4 <= 13.68
|   |   |   |   |   |   |   |--- feature_7 <= 23073.00
|   |   |   |   |   |   |   |   |--- feature_5 <= 757.00
|   |   |   |   |   |   |   |   |   |--- feature_1 <= 0.14
|   |   |   |   |   |   |   |   |   |   |--- class: 0
|   |   |   |   |   |   |   |   |   |--- feature_1 >  0.14
|   |   |   |   |   |   |   |   |   |   |--- feature_6 <= 7063.48
|   |   |   |   |   |   |   |   |   |   |   |--- truncated branch of depth 2
|   |   |   |   |   |   |   |   |   |   |--- feature_6 >  7063.48
|   |   |   |   |   |   |   |   |   |   |   |--- class: 0
|   |   |   |   |   |   |   |   |--- feature_5 >  757.00
|   |   |   |   |   |   |   |   |   |--- class: 1
|   |   |   |   |   |   |   |--- feature_7 >  23073.00
|   |   |   |   |   |   |   |   |--- class: 1
|   |   |   |   |   |   |--- feature_4 >  13.68
|   |   |   |   |   |   |   |--- feature_7 <= 125210.00
|   |   |   |   |   |   |   |   |--- feature_2 <= 752.81
|   |   |   |   |   |   |   |   |   |--- feature_8 <= 94.80
|   |   |   |   |   |   |   |   |   |   |--- class: 0
|   |   |   |   |   |   |   |   |   |--- feature_8 >  94.80
|   |   |   |   |   |   |   |   |   |   |--- feature_2 <= 223.89
|   |   |   |   |   |   |   |   |   |   |   |--- class: 1
|   |   |   |   |   |   |   |   |   |   |--- feature_2 >  223.89
|   |   |   |   |   |   |   |   |   |   |   |--- class: 0
|   |   |   |   |   |   |   |   |--- feature_2 >  752.81
|   |   |   |   |   |   |   |   |   |--- feature_4 <= 16.09
|   |   |   |   |   |   |   |   |   |   |--- class: 0
|   |   |   |   |   |   |   |   |   |--- feature_4 >  16.09
|   |   |   |   |   |   |   |   |   |   |--- feature_4 <= 18.28
|   |   |   |   |   |   |   |   |   |   |   |--- class: 1
|   |   |   |   |   |   |   |   |   |   |--- feature_4 >  18.28
|   |   |   |   |   |   |   |   |   |   |   |--- class: 0
|   |   |   |   |   |   |   |--- feature_7 >  125210.00
|   |   |   |   |   |   |   |   |--- class: 1
